<?xml version="1.0" encoding="UTF-8"?>
<testng-results ignored="0" total="3" passed="3" failed="0" skipped="0">
  <reporter-output>
  </reporter-output>
  <suite started-at="2022-09-13T11:59:52 IST" name="Suite" finished-at="2022-09-13T12:00:59 IST" duration-ms="67308">
    <groups>
    </groups>
    <test started-at="2022-09-13T11:59:52 IST" name="Test" finished-at="2022-09-13T12:00:59 IST" duration-ms="67308">
      <class name="scripts.TestCase1">
        <test-method is-config="true" signature="openApp()[pri:0, instance:scripts.TestCase1@1725dc0f]" started-at="2022-09-13T11:59:52 IST" name="openApp" finished-at="2022-09-13T12:00:11 IST" duration-ms="19048" status="PASS">
          <reporter-output>
          </reporter-output>
        </test-method> <!-- openApp -->
        <test-method signature="tc1()[pri:0, instance:scripts.TestCase1@1725dc0f]" started-at="2022-09-13T12:00:11 IST" name="tc1" finished-at="2022-09-13T12:00:16 IST" duration-ms="4588" status="PASS">
          <reporter-output>
          </reporter-output>
        </test-method> <!-- tc1 -->
        <test-method is-config="true" signature="closeApp(org.testng.ITestResult)[pri:0, instance:scripts.TestCase1@1725dc0f]" started-at="2022-09-13T12:00:16 IST" name="closeApp" finished-at="2022-09-13T12:00:22 IST" duration-ms="6033" status="PASS">
          <params>
            <param index="0">
              <value>
                <![CDATA[[TestResult name=tc1 status=SUCCESS method=TestCase1.tc1()[pri:0, instance:scripts.TestCase1@1725dc0f] output={null}]]]>
              </value>
            </param>
          </params>
          <reporter-output>
          </reporter-output>
        </test-method> <!-- closeApp -->
      </class> <!-- scripts.TestCase1 -->
      <class name="scripts.TestCase2">
        <test-method is-config="true" signature="openApp()[pri:0, instance:scripts.TestCase2@795cd85e]" started-at="2022-09-13T12:00:22 IST" name="openApp" finished-at="2022-09-13T12:00:29 IST" duration-ms="7469" status="PASS">
          <reporter-output>
          </reporter-output>
        </test-method> <!-- openApp -->
        <test-method signature="tc2()[pri:0, instance:scripts.TestCase2@795cd85e]" started-at="2022-09-13T12:00:29 IST" name="tc2" finished-at="2022-09-13T12:00:36 IST" duration-ms="6960" status="PASS">
          <reporter-output>
          </reporter-output>
        </test-method> <!-- tc2 -->
        <test-method is-config="true" signature="closeApp(org.testng.ITestResult)[pri:0, instance:scripts.TestCase2@795cd85e]" started-at="2022-09-13T12:00:36 IST" name="closeApp" finished-at="2022-09-13T12:00:37 IST" duration-ms="502" status="PASS">
          <params>
            <param index="0">
              <value>
                <![CDATA[[TestResult name=tc2 status=SUCCESS method=TestCase2.tc2()[pri:0, instance:scripts.TestCase2@795cd85e] output={null}]]]>
              </value>
            </param>
          </params>
          <reporter-output>
          </reporter-output>
        </test-method> <!-- closeApp -->
      </class> <!-- scripts.TestCase2 -->
      <class name="scripts.TestCase3">
        <test-method is-config="true" signature="openApp()[pri:0, instance:scripts.TestCase3@59fd97a8]" started-at="2022-09-13T12:00:37 IST" name="openApp" finished-at="2022-09-13T12:00:44 IST" duration-ms="7200" status="PASS">
          <reporter-output>
          </reporter-output>
        </test-method> <!-- openApp -->
        <test-method signature="tc3()[pri:0, instance:scripts.TestCase3@59fd97a8]" started-at="2022-09-13T12:00:44 IST" name="tc3" finished-at="2022-09-13T12:00:59 IST" duration-ms="14713" status="PASS">
          <reporter-output>
          </reporter-output>
        </test-method> <!-- tc3 -->
        <test-method is-config="true" signature="closeApp(org.testng.ITestResult)[pri:0, instance:scripts.TestCase3@59fd97a8]" started-at="2022-09-13T12:00:59 IST" name="closeApp" finished-at="2022-09-13T12:00:59 IST" duration-ms="708" status="PASS">
          <params>
            <param index="0">
              <value>
                <![CDATA[[TestResult name=tc3 status=SUCCESS method=TestCase3.tc3()[pri:0, instance:scripts.TestCase3@59fd97a8] output={null}]]]>
              </value>
            </param>
          </params>
          <reporter-output>
          </reporter-output>
        </test-method> <!-- closeApp -->
      </class> <!-- scripts.TestCase3 -->
    </test> <!-- Test -->
  </suite> <!-- Suite -->
</testng-results>
